<?xml version="1.0" encoding="UTF-8"?>
<!-- Generated by org.testng.reporters.JUnitReportReporter -->
<testsuite skipped="0" hostname="DESKTOP-SK4CTUO" name="randomTestPack.PropartiesFile" tests="1" failures="0" timestamp="2021-07-06T13:55:00 IST" time="5.317" errors="0">
  <testcase name="Login" time="5.317" classname="randomTestPack.PropartiesFile"/>
  <system-out/>
</testsuite> <!-- randomTestPack.PropartiesFile -->
