<?xml version="1.0" encoding="UTF-8"?>
<!-- Generated by org.testng.reporters.JUnitReportReporter -->
<testsuite skipped="0" hostname="Mrinmoys-MacBook-Pro.local" name="randomTestPack.Login" tests="1" failures="0" timestamp="2021-07-09T08:39:42 IST" time="11.512" errors="0">
  <testcase name="LoginTC" time="11.512" classname="randomTestPack.Login"/>
  <system-out/>
</testsuite> <!-- randomTestPack.Login -->
