<?xml version="1.0" encoding="UTF-8"?>
<!-- Generated by org.testng.reporters.JUnitReportReporter -->
<testsuite skipped="0" hostname="Mrinmoys-MacBook-Pro.local" name="randomTestPack.headlessCh" tests="1" failures="0" timestamp="2021-07-08T11:02:27 IST" time="7.152" errors="0">
  <testcase name="myfirst" time="7.152" classname="randomTestPack.headlessCh"/>
  <system-out/>
</testsuite> <!-- randomTestPack.headlessCh -->
