<?xml version="1.0" encoding="UTF-8"?>
<!-- Generated by org.testng.reporters.JUnitReportReporter -->
<testsuite skipped="0" hostname="Mrinmoys-MacBook-Pro.local" name="randomTestPack.PropartiesFile" tests="1" failures="0" timestamp="2021-07-08T11:07:14 IST" time="6.407" errors="0">
  <testcase name="Login" time="6.407" classname="randomTestPack.PropartiesFile"/>
  <system-out/>
</testsuite> <!-- randomTestPack.PropartiesFile -->
