<?xml version="1.0" encoding="UTF-8"?>
<!-- Generated by org.testng.reporters.JUnitReportReporter -->
<testsuite skipped="0" hostname="DESKTOP-SK4CTUO" name="randomTestPack.headlessCh" tests="1" failures="0" timestamp="2021-07-04T21:59:45 IST" time="6.509" errors="0">
  <testcase name="myfirst" time="6.509" classname="randomTestPack.headlessCh"/>
  <system-out/>
</testsuite> <!-- randomTestPack.headlessCh -->
