<?xml version="1.0" encoding="UTF-8"?>
<!-- Generated by org.testng.reporters.JUnitReportReporter -->
<testsuite skipped="0" hostname="Mrinmoys-MacBook-Pro.local" name="randomTestPack.Login" tests="1" failures="0" timestamp="2021-07-08T10:55:54 IST" time="6.967" errors="0">
  <testcase name="LoginTC" time="6.967" classname="randomTestPack.Login"/>
  <system-out/>
</testsuite> <!-- randomTestPack.Login -->
