<?xml version="1.0" encoding="UTF-8"?>
<!-- Generated by org.testng.reporters.JUnitReportReporter -->
<testsuite skipped="0" hostname="DESKTOP-SK4CTUO" name="randomTestPack.Login" tests="1" failures="0" timestamp="2021-07-09T09:39:48 IST" time="11.556" errors="0">
  <testcase name="LoginTC" time="11.556" classname="randomTestPack.Login"/>
  <system-out/>
</testsuite> <!-- randomTestPack.Login -->
