<?xml version="1.0" encoding="UTF-8"?>
<!-- Generated by org.testng.reporters.JUnitReportReporter -->
<testsuite skipped="0" hostname="DESKTOP-SK4CTUO" name="randomTestPack.ChildClass" tests="1" failures="0" timestamp="2021-07-06T15:34:21 IST" time="6.375" errors="0">
  <testcase name="Child_Login" time="6.375" classname="randomTestPack.ChildClass"/>
  <system-out/>
</testsuite> <!-- randomTestPack.ChildClass -->
